#
# A fatal error has been detected by the Java Runtime Environment:
#
#  EXCEPTION_ACCESS_VIOLATION (0xc0000005) at pc=0x000000005f800000, pid=13076, tid=0x0000000000008d8c
#
# JRE version: OpenJDK Runtime Environment (8.0_212-b04) (build 1.8.0_212-b04)
# Java VM: OpenJDK 64-Bit Server VM (25.212-b04 mixed mode windows-amd64 compressed oops)
# Problematic frame:
# C  0x000000005f800000
#
# Failed to write core dump. Minidumps are not enabled by default on client versions of Windows
#
# If you would like to submit a bug report, please visit:
#   
# The crash happened outside the Java Virtual Machine in native code.
# See problematic frame for where to report the bug.
#

---------------  T H R E A D  ---------------

Current thread (0x00000218d21fc000):  JavaThread "Finalizer" daemon [_thread_in_native, id=36236, stack(0x000000b974100000,0x000000b974200000)]

siginfo: ExceptionCode=0xc0000005, ExceptionInformation=0x0000000000000008 0x000000005f800000

Registers:
RAX=0x00007fffa2a56cf8, RBX=0x00000218dc4f74d8, RCX=0x00000218db3ca6e0, RDX=0x00000218db337a30
RSP=0x000000b9741fe928, RBP=0x000000b9741fed40, RSI=0x0000000000000138, RDI=0x000000000000234d
R8 =0x00000218db198810, R9 =0x00000218db33cc30, R10=0x0000000000008000, R11=0x000000b9741fe920
R12=0x0000000000000000, R13=0x00000218dc4f74d8, R14=0x000000b9741fed70, R15=0x00000218d21fc000
RIP=0x000000005f800000, EFLAGS=0x0000000000010202

Top of Stack: (sp=0x000000b9741fe928)
0x000000b9741fe928:   00007fffa29e3877 00000218dbbb3510
0x000000b9741fe938:   00007fffa2959566 00000218d3f4f4c8
0x000000b9741fe948:   0000021800000000 00000218db3ca6e0
0x000000b9741fe958:   0000000000000000 00000218db3ca6e0
0x000000b9741fe968:   00000218dbbb3510 0000000000000000
0x000000b9741fe978:   00007fffa2957a2f 00000218db116720
0x000000b9741fe988:   00000218db33cc30 00000218db337a30
0x000000b9741fe998:   00000218db198810 ffffffff00000000
0x000000b9741fe9a8:   0000000000000000 00000005dc4f74d8
0x000000b9741fe9b8:   00000218db2f79f0 00000006741fea54
0x000000b9741fe9c8:   006ed64d741fea58 000000b900000005
0x000000b9741fe9d8:   0000000000000000 00007fffa2a5aee8
0x000000b9741fe9e8:   00007fffa29d56da 00000218db8b2fc0
0x000000b9741fe9f8:   00000218db398990 000000b9741fea50
0x000000b9741fea08:   00007fffa2901088 00007fffa2a5aee8
0x000000b9741fea18:   00000218d21fc000 0000021800000001 

Instructions: (pc=0x000000005f800000)
0x000000005f7fffe0:   
[error occurred during error reporting (printing registers, top of stack, instructions near pc), id 0xc0000005]

Register to memory mapping:

RAX=0x00007fffa2a56cf8 is an unknown value
RBX={method} {0x00000218dc4f74e0} 'finalizeNative' '(J)V' in 'com/jme3/bullet/PhysicsSpace'
RCX=0x00000218db3ca6e0 is an unknown value
RDX=0x00000218db337a30 is an unknown value
RSP=0x000000b9741fe928 is pointing into the stack for thread: 0x00000218d21fc000
RBP=0x000000b9741fed40 is pointing into the stack for thread: 0x00000218d21fc000
RSI=0x0000000000000138 is an unknown value
RDI=0x000000000000234d is an unknown value
R8 =0x00000218db198810 is an unknown value
R9 =0x00000218db33cc30 is an unknown value
R10=0x0000000000008000 is an unknown value
R11=0x000000b9741fe920 is pointing into the stack for thread: 0x00000218d21fc000
R12=0x0000000000000000 is an unknown value
R13={method} {0x00000218dc4f74e0} 'finalizeNative' '(J)V' in 'com/jme3/bullet/PhysicsSpace'
R14=0x000000b9741fed70 is pointing into the stack for thread: 0x00000218d21fc000
R15=0x00000218d21fc000 is a thread


Stack: [0x000000b974100000,0x000000b974200000],  sp=0x000000b9741fe928,  free space=1018k
Native frames: (J=compiled Java code, j=interpreted, Vv=VM code, C=native code)
C  0x000000005f800000

Java frames: (J=compiled Java code, j=interpreted, Vv=VM code)
j  com.jme3.bullet.PhysicsSpace.finalizeNative(J)V+0
j  com.jme3.bullet.PhysicsSpace.finalize()V+34
J 2652 C1 java.lang.ref.Finalizer.runFinalizer(Lsun/misc/JavaLangAccess;)V (62 bytes) @ 0x00000218b98d9324 [0x00000218b98d8d80+0x5a4]
j  java.lang.ref.Finalizer.access$100(Ljava/lang/ref/Finalizer;Lsun/misc/JavaLangAccess;)V+2
j  java.lang.ref.Finalizer$FinalizerThread.run()V+45
v  ~StubRoutines::call_stub

---------------  P R O C E S S  ---------------

Java Threads: ( => current thread )
  0x00000218dd012800 JavaThread "TimerQueue" daemon [_thread_blocked, id=26028, stack(0x000000b974b00000,0x000000b974c00000)]
  0x00000218db72c000 JavaThread "AWT-EventQueue-0" [_thread_in_native, id=13632, stack(0x000000b975600000,0x000000b975700000)]
  0x00000218db924000 JavaThread "AWT-Windows" daemon [_thread_in_native, id=18308, stack(0x000000b975500000,0x000000b975600000)]
  0x00000218db921000 JavaThread "AWT-Shutdown" [_thread_blocked, id=29104, stack(0x000000b975400000,0x000000b975500000)]
  0x00000218db11d000 JavaThread "Java2D Disposer" daemon [_thread_blocked, id=21028, stack(0x000000b975200000,0x000000b975300000)]
  0x00000218b771a800 JavaThread "DestroyJavaVM" [_thread_blocked, id=26604, stack(0x000000b973800000,0x000000b973900000)]
  0x00000218d2c42000 JavaThread "Service Thread" daemon [_thread_blocked, id=20900, stack(0x000000b974700000,0x000000b974800000)]
  0x00000218d2bbc000 JavaThread "C1 CompilerThread2" daemon [_thread_blocked, id=31964, stack(0x000000b974600000,0x000000b974700000)]
  0x00000218d2bb9000 JavaThread "C2 CompilerThread1" daemon [_thread_blocked, id=32488, stack(0x000000b974500000,0x000000b974600000)]
  0x00000218d2bb0800 JavaThread "C2 CompilerThread0" daemon [_thread_blocked, id=34388, stack(0x000000b974400000,0x000000b974500000)]
  0x00000218d2bad800 JavaThread "Attach Listener" daemon [_thread_blocked, id=33336, stack(0x000000b974300000,0x000000b974400000)]
  0x00000218d2bac800 JavaThread "Signal Dispatcher" daemon [_thread_blocked, id=6580, stack(0x000000b974200000,0x000000b974300000)]
=>0x00000218d21fc000 JavaThread "Finalizer" daemon [_thread_in_native, id=36236, stack(0x000000b974100000,0x000000b974200000)]
  0x00000218d2b88000 JavaThread "Reference Handler" daemon [_thread_blocked, id=20328, stack(0x000000b974000000,0x000000b974100000)]

Other Threads:
  0x00000218d21f5800 VMThread [stack: 0x000000b973f00000,0x000000b974000000] [id=34980]
  0x00000218d2c60800 WatcherThread [stack: 0x000000b974800000,0x000000b974900000] [id=33964]

VM state:not at safepoint (normal execution)

VM Mutex/Monitor currently owned by a thread: None

heap address: 0x00000006c0c00000, size: 4084 MB, Compressed Oops mode: Zero based, Oop shift amount: 3
Narrow klass base: 0x0000000000000000, Narrow klass shift: 3
Compressed class space size: 1073741824 Address: 0x00000007c0000000

Heap:
 PSYoungGen      total 76288K, used 11060K [0x000000076af00000, 0x0000000770400000, 0x00000007c0000000)
  eden space 65536K, 5% used [0x000000076af00000,0x000000076b2334f0,0x000000076ef00000)
  from space 10752K, 72% used [0x000000076ef00000,0x000000076f699d40,0x000000076f980000)
  to   space 10752K, 0% used [0x000000076f980000,0x000000076f980000,0x0000000770400000)
 ParOldGen       total 175104K, used 96K [0x00000006c0c00000, 0x00000006cb700000, 0x000000076af00000)
  object space 175104K, 0% used [0x00000006c0c00000,0x00000006c0c18010,0x00000006cb700000)
 Metaspace       used 18726K, capacity 18953K, committed 19200K, reserved 1067008K
  class space    used 1924K, capacity 1988K, committed 2048K, reserved 1048576K

Card table byte_map: [0x00000218c8400000,0x00000218c8c00000] byte_map_base: 0x00000218c4dfa000

Marking Bits: (ParMarkBitMap*) 0x0000000067ad1f50
 Begin Bits: [0x00000218c9160000, 0x00000218cd130000)
 End Bits:   [0x00000218cd130000, 0x00000218d1100000)

Polling page: 0x00000218b7810000

CodeCache: size=245760Kb used=8845Kb max_used=8845Kb free=236914Kb
 bounds [0x00000218b9040000, 0x00000218b98f0000, 0x00000218c8040000]
 total_blobs=3326 nmethods=2671 adapters=568
 compilation: enabled

Compilation events (10 events):
Event: 2.539 Thread 0x00000218d2bbc000 2652   !   3       java.lang.ref.Finalizer::runFinalizer (62 bytes)
Event: 2.540 Thread 0x00000218d2bbc000 nmethod 2652 0x00000218b98d8bd0 code [0x00000218b98d8d80, 0x00000218b98d9620]
Event: 2.540 Thread 0x00000218d2bbc000 2647       3       java.lang.ref.ReferenceQueue::remove (6 bytes)
Event: 2.540 Thread 0x00000218d2bbc000 nmethod 2647 0x00000218b98d98d0 code [0x00000218b98d9a40, 0x00000218b98d9c50]
Event: 2.540 Thread 0x00000218d2bbc000 2648   !   3       java.lang.ref.ReferenceQueue::remove (125 bytes)
Event: 2.540 Thread 0x00000218d2bbc000 nmethod 2648 0x00000218b98d9cd0 code [0x00000218b98d9ea0, 0x00000218b98da780]
Event: 2.540 Thread 0x00000218d2bbc000 2649       3       java.lang.ref.Reference::clear (6 bytes)
Event: 2.540 Thread 0x00000218d2bbc000 nmethod 2649 0x00000218b98dab90 code [0x00000218b98dace0, 0x00000218b98dae58]
Event: 2.540 Thread 0x00000218d2bbc000 2650       3       java.lang.ref.Finalizer::access$000 (4 bytes)
Event: 2.540 Thread 0x00000218d2bbc000 nmethod 2650 0x00000218b98daed0 code [0x00000218b98db020, 0x00000218b98db178]

GC Heap History (2 events):
Event: 2.530 GC heap before
{Heap before GC invocations=1 (full 0):
 PSYoungGen      total 76288K, used 65536K [0x000000076af00000, 0x0000000770400000, 0x00000007c0000000)
  eden space 65536K, 100% used [0x000000076af00000,0x000000076ef00000,0x000000076ef00000)
  from space 10752K, 0% used [0x000000076f980000,0x000000076f980000,0x0000000770400000)
  to   space 10752K, 0% used [0x000000076ef00000,0x000000076ef00000,0x000000076f980000)
 ParOldGen       total 175104K, used 0K [0x00000006c0c00000, 0x00000006cb700000, 0x000000076af00000)
  object space 175104K, 0% used [0x00000006c0c00000,0x00000006c0c00000,0x00000006cb700000)
 Metaspace       used 17811K, capacity 18039K, committed 18304K, reserved 1064960K
  class space    used 1777K, capacity 1855K, committed 1920K, reserved 1048576K
Event: 2.537 GC heap after
Heap after GC invocations=1 (full 0):
 PSYoungGen      total 76288K, used 7783K [0x000000076af00000, 0x0000000770400000, 0x00000007c0000000)
  eden space 65536K, 0% used [0x000000076af00000,0x000000076af00000,0x000000076ef00000)
  from space 10752K, 72% used [0x000000076ef00000,0x000000076f699d40,0x000000076f980000)
  to   space 10752K, 0% used [0x000000076f980000,0x000000076f980000,0x0000000770400000)
 ParOldGen       total 175104K, used 96K [0x00000006c0c00000, 0x00000006cb700000, 0x000000076af00000)
  object space 175104K, 0% used [0x00000006c0c00000,0x00000006c0c18010,0x00000006cb700000)
 Metaspace       used 17811K, capacity 18039K, committed 18304K, reserved 1064960K
  class space    used 1777K, capacity 1855K, committed 1920K, reserved 1048576K
}

Deoptimization events (10 events):
Event: 2.473 Thread 0x00000218db72c000 Uncommon trap: reason=unstable_if action=reinterpret pc=0x00000218b91dd6dc method=java.lang.String.startsWith(Ljava/lang/String;I)Z @ 25
Event: 2.474 Thread 0x00000218db72c000 Uncommon trap: reason=unstable_if action=reinterpret pc=0x00000218b951d154 method=java.lang.ThreadLocal.get()Ljava/lang/Object; @ 11
Event: 2.476 Thread 0x00000218db72c000 Uncommon trap: reason=unstable_if action=reinterpret pc=0x00000218b98b87bc method=java.lang.String.startsWith(Ljava/lang/String;I)Z @ 25
Event: 2.479 Thread 0x00000218db72c000 Uncommon trap: reason=unstable_if action=reinterpret pc=0x00000218b95d8498 method=java.util.HashMap.hash(Ljava/lang/Object;)I @ 1
Event: 2.479 Thread 0x00000218db72c000 Uncommon trap: reason=unstable_if action=reinterpret pc=0x00000218b966c870 method=java.util.HashMap.hash(Ljava/lang/Object;)I @ 1
Event: 2.480 Thread 0x00000218db72c000 Uncommon trap: reason=unstable_if action=reinterpret pc=0x00000218b92acae8 method=java.util.HashMap.hash(Ljava/lang/Object;)I @ 1
Event: 2.513 Thread 0x00000218db72c000 Uncommon trap: reason=class_check action=maybe_recompile pc=0x00000218b988cff8 method=java.nio.HeapByteBuffer.put(Ljava/nio/ByteBuffer;)Ljava/nio/ByteBuffer; @ 1
Event: 2.513 Thread 0x00000218db72c000 Uncommon trap: reason=class_check action=maybe_recompile pc=0x00000218b988cff8 method=java.nio.HeapByteBuffer.put(Ljava/nio/ByteBuffer;)Ljava/nio/ByteBuffer; @ 1
Event: 2.513 Thread 0x00000218db72c000 Uncommon trap: reason=class_check action=maybe_recompile pc=0x00000218b988cff8 method=java.nio.HeapByteBuffer.put(Ljava/nio/ByteBuffer;)Ljava/nio/ByteBuffer; @ 1
Event: 2.514 Thread 0x00000218db72c000 Uncommon trap: reason=class_check action=maybe_recompile pc=0x00000218b988cff8 method=java.nio.HeapByteBuffer.put(Ljava/nio/ByteBuffer;)Ljava/nio/ByteBuffer; @ 1

Classes redefined (0 events):
No events

Internal exceptions (10 events):
Event: 1.542 Thread 0x00000218d3d5f800 Implicit null exception at 0x00000218b96b4c3a to 0x00000218b96b5e91
Event: 1.543 Thread 0x00000218d3d5f800 Implicit null exception at 0x00000218b96c0904 to 0x00000218b96c1841
Event: 2.280 Thread 0x00000218d3d5f800 Exception <a 'java/lang/ClassNotFoundException': sun/dc/DuctusRenderingEngine> (0x000000076ead8438) thrown at [C:\cygwin64\tmp\openjdk-jdk8u-windows-x64-hotspot\workspace\build\src\hotspot\src\share\vm\classfile\systemDictionary.cpp, line 210]
Event: 2.315 Thread 0x00000218db72c000 Exception <a 'java/io/FileNotFoundException'> (0x000000076ed65b68) thrown at [C:\cygwin64\tmp\openjdk-jdk8u-windows-x64-hotspot\workspace\build\src\hotspot\src\share\vm\prims\jni.cpp, line 710]
Event: 2.330 Thread 0x00000218d3d5f800 Exception <a 'org/lwjgl/LWJGLException': Failed to set device gamma.> (0x000000076eb03600) thrown at [C:\cygwin64\tmp\openjdk-jdk8u-windows-x64-hotspot\workspace\build\src\hotspot\src\share\vm\prims\jni.cpp, line 736]
Event: 2.330 Thread 0x00000218db11d800 Exception <a 'java/lang/InterruptedException': sleep interrupted> (0x000000076ee91fb8) thrown at [C:\cygwin64\tmp\openjdk-jdk8u-windows-x64-hotspot\workspace\build\src\hotspot\src\share\vm\prims\jvm.cpp, line 3336]
Event: 2.474 Thread 0x00000218db72c000 Implicit null exception at 0x00000218b951d09a to 0x00000218b951d141
Event: 2.479 Thread 0x00000218db72c000 Implicit null exception at 0x00000218b95d8135 to 0x00000218b95d8489
Event: 2.479 Thread 0x00000218db72c000 Implicit null exception at 0x00000218b966c7d8 to 0x00000218b966c866
Event: 2.480 Thread 0x00000218db72c000 Implicit null exception at 0x00000218b92aca6f to 0x00000218b92acad9

Events (10 events):
Event: 2.539 loading class javax/swing/JScrollBar done
Event: 2.539 loading class javax/swing/JScrollPane$ScrollBar done
Event: 2.540 loading class javax/swing/JScrollBar$ModelListener
Event: 2.540 loading class javax/swing/JScrollBar$ModelListener done
Event: 2.540 loading class javax/swing/DefaultBoundedRangeModel
Event: 2.540 loading class javax/swing/BoundedRangeModel
Event: 2.540 loading class javax/swing/BoundedRangeModel done
Event: 2.540 loading class javax/swing/DefaultBoundedRangeModel done
Event: 2.540 loading class javax/swing/plaf/metal/MetalScrollBarUI
Event: 2.540 loading class javax/swing/plaf/basic/BasicScrollBarUI


Dynamic libraries:
0x00007ff6ab5d0000 - 0x00007ff6ab60a000 	C:\Program Files\jmonkeyplatform\jdk\bin\java.exe
0x00007ff801050000 - 0x00007ff801246000 	C:\WINDOWS\SYSTEM32\ntdll.dll
0x00007fffffe80000 - 0x00007ffffff3d000 	C:\WINDOWS\System32\KERNEL32.DLL
0x00007ffffe860000 - 0x00007ffffeb28000 	C:\WINDOWS\System32\KERNELBASE.dll
0x00007ffffff40000 - 0x00007ffffffec000 	C:\WINDOWS\System32\ADVAPI32.dll
0x00007fffff970000 - 0x00007fffffa0e000 	C:\WINDOWS\System32\msvcrt.dll
0x00007fffffc30000 - 0x00007fffffccb000 	C:\WINDOWS\System32\sechost.dll
0x00007fffff130000 - 0x00007fffff254000 	C:\WINDOWS\System32\RPCRT4.dll
0x00007fffff260000 - 0x00007fffff400000 	C:\WINDOWS\System32\USER32.dll
0x00007ffffeff0000 - 0x00007fffff012000 	C:\WINDOWS\System32\win32u.dll
0x00007fffffb40000 - 0x00007fffffb6a000 	C:\WINDOWS\System32\GDI32.dll
0x00007ffffeb30000 - 0x00007ffffec39000 	C:\WINDOWS\System32\gdi32full.dll
0x00007ffffec40000 - 0x00007ffffecdd000 	C:\WINDOWS\System32\msvcp_win.dll
0x00007ffffee40000 - 0x00007ffffef40000 	C:\WINDOWS\System32\ucrtbase.dll
0x00007ffff12c0000 - 0x00007ffff155b000 	C:\WINDOWS\WinSxS\amd64_microsoft.windows.common-controls_6595b64144ccf1df_6.0.19041.488_none_ca04af081b815d21\COMCTL32.dll
0x00007ff800890000 - 0x00007ff8008c0000 	C:\WINDOWS\System32\IMM32.DLL
0x00007fffd6120000 - 0x00007fffd620f000 	C:\Program Files\jmonkeyplatform\jdk\jre\bin\msvcr120.dll
0x00007fffc3870000 - 0x00007fffc3916000 	C:\Program Files\jmonkeyplatform\jdk\jre\bin\msvcp120.dll
0x0000000067350000 - 0x0000000067b4b000 	C:\Program Files\jmonkeyplatform\jdk\jre\bin\server\jvm.dll
0x00007fffff900000 - 0x00007fffff908000 	C:\WINDOWS\System32\PSAPI.DLL
0x00007fffe6a90000 - 0x00007fffe6a99000 	C:\WINDOWS\SYSTEM32\WSOCK32.dll
0x00007ffff7d00000 - 0x00007ffff7d0a000 	C:\WINDOWS\SYSTEM32\VERSION.dll
0x00007ffff1280000 - 0x00007ffff12a7000 	C:\WINDOWS\SYSTEM32\WINMM.dll
0x00007fffff890000 - 0x00007fffff8fb000 	C:\WINDOWS\System32\WS2_32.dll
0x00007ffff9f90000 - 0x00007ffff9f9f000 	C:\Program Files\jmonkeyplatform\jdk\jre\bin\verify.dll
0x00007ffff1610000 - 0x00007ffff1638000 	C:\Program Files\jmonkeyplatform\jdk\jre\bin\java.dll
0x00007ffff6b00000 - 0x00007ffff6b16000 	C:\Program Files\jmonkeyplatform\jdk\jre\bin\zip.dll
0x00007ff8008c0000 - 0x00007ff801001000 	C:\WINDOWS\System32\SHELL32.dll
0x00007ffffc4a0000 - 0x00007ffffcc35000 	C:\WINDOWS\SYSTEM32\windows.storage.dll
0x00007ff800040000 - 0x00007ff800395000 	C:\WINDOWS\System32\combase.dll
0x00007ffffe120000 - 0x00007ffffe14c000 	C:\WINDOWS\SYSTEM32\Wldp.dll
0x00007fffff730000 - 0x00007fffff7de000 	C:\WINDOWS\System32\SHCORE.dll
0x00007fffff6d0000 - 0x00007fffff725000 	C:\WINDOWS\System32\shlwapi.dll
0x00007ffffe6b0000 - 0x00007ffffe6d6000 	C:\WINDOWS\SYSTEM32\profapi.dll
0x00007fffa28d0000 - 0x00007fffa2aa2000 	C:\Users\d7d7a\Documents\VirtualCodeDay\bulletjme.dll
0x0000000180000000 - 0x0000000180064000 	C:\Users\d7d7a\Documents\VirtualCodeDay\OpenAL64.dll
0x00007fffffa10000 - 0x00007fffffb3a000 	C:\WINDOWS\System32\ole32.dll
0x00000218d3fb0000 - 0x00000218d4003000 	C:\Users\d7d7a\Documents\VirtualCodeDay\lwjgl64.dll
0x00007fffbfe30000 - 0x00007fffbff55000 	C:\WINDOWS\SYSTEM32\OPENGL32.dll
0x00007fffe6ce0000 - 0x00007fffe6d0c000 	C:\WINDOWS\SYSTEM32\GLU32.dll
0x00007ffff35c0000 - 0x00007ffff366e000 	C:\WINDOWS\SYSTEM32\mscms.dll
0x00007ffffe630000 - 0x00007ffffe65e000 	C:\WINDOWS\SYSTEM32\USERENV.dll
0x00007ffff3720000 - 0x00007ffff3731000 	C:\WINDOWS\SYSTEM32\ColorAdapterClient.dll
0x00007fffffcd0000 - 0x00007fffffd9d000 	C:\WINDOWS\System32\OLEAUT32.dll
0x00007ffffd0b0000 - 0x00007ffffd0c2000 	C:\WINDOWS\SYSTEM32\kernel.appcore.dll
0x00007fffff020000 - 0x00007fffff09f000 	C:\WINDOWS\System32\bcryptPrimitives.dll
0x00007ffffbe00000 - 0x00007ffffbe9e000 	C:\WINDOWS\system32\uxtheme.dll
0x00007fffff5b0000 - 0x00007fffff6c5000 	C:\WINDOWS\System32\MSCTF.dll
0x00007fffff7e0000 - 0x00007fffff889000 	C:\WINDOWS\System32\clbcatq.dll
0x00007fff7a7f0000 - 0x00007fff7d038000 	C:\WINDOWS\System32\DriverStore\FileRepository\nvmd.inf_amd64_24c42a580c125b30\nvoglv64.dll
0x00007ff8003a0000 - 0x00007ff800807000 	C:\WINDOWS\System32\SETUPAPI.dll
0x00007ffffe810000 - 0x00007ffffe85e000 	C:\WINDOWS\System32\cfgmgr32.dll
0x00007ffffe780000 - 0x00007ffffe7a7000 	C:\WINDOWS\System32\bcrypt.dll
0x00007ffff81e0000 - 0x00007ffff81f4000 	C:\WINDOWS\SYSTEM32\WTSAPI32.dll
0x00007ffffe460000 - 0x00007ffffe48c000 	C:\WINDOWS\System32\DEVOBJ.dll
0x00007ffffe7b0000 - 0x00007ffffe810000 	C:\WINDOWS\System32\WINTRUST.dll
0x00007ffffece0000 - 0x00007ffffee3d000 	C:\WINDOWS\System32\CRYPT32.dll
0x00007ffffe2a0000 - 0x00007ffffe2b2000 	C:\WINDOWS\System32\MSASN1.dll
0x00007ffffd4c0000 - 0x00007ffffd4f3000 	C:\WINDOWS\SYSTEM32\ntmarta.dll
0x00007ffff1f80000 - 0x00007ffff1fbb000 	C:\WINDOWS\SYSTEM32\dxcore.dll
0x00007fffcbc20000 - 0x00007fffcbed7000 	C:\WINDOWS\system32\nvspcap64.dll
0x00007ffffbfd0000 - 0x00007ffffbfff000 	C:\WINDOWS\SYSTEM32\dwmapi.dll
0x00007ffff0e90000 - 0x00007ffff0f8c000 	C:\WINDOWS\SYSTEM32\textinputframework.dll
0x00007ffffba50000 - 0x00007ffffbb42000 	C:\WINDOWS\System32\CoreMessaging.dll
0x00007ffffb6f0000 - 0x00007ffffba4e000 	C:\WINDOWS\System32\CoreUIComponents.dll
0x00007ffffb460000 - 0x00007ffffb5b6000 	C:\WINDOWS\SYSTEM32\wintypes.dll
0x00007ffffcc90000 - 0x00007ffffccd3000 	C:\WINDOWS\SYSTEM32\icm32.dll
0x00007ffffe5e0000 - 0x00007ffffe62b000 	C:\WINDOWS\SYSTEM32\powrprof.dll
0x00007ffffe5c0000 - 0x00007ffffe5d2000 	C:\WINDOWS\SYSTEM32\UMPDC.dll
0x00007ffffe4b0000 - 0x00007ffffe50a000 	C:\WINDOWS\SYSTEM32\WINSTA.dll
0x00007fffd5f80000 - 0x00007fffd6115000 	C:\Program Files\jmonkeyplatform\jdk\jre\bin\awt.dll
0x00007ffffbc70000 - 0x00007ffffbd00000 	C:\WINDOWS\SYSTEM32\apphelp.dll
0x00007ffff7020000 - 0x00007ffff70a5000 	C:\WINDOWS\System32\MMDevApi.dll
0x00007fffcdc90000 - 0x00007fffcdd2c000 	C:\WINDOWS\SYSTEM32\dsound.dll
0x00007fffe6c40000 - 0x00007fffe6c66000 	C:\WINDOWS\SYSTEM32\winmmbase.dll
0x00007ffff77e0000 - 0x00007ffff7961000 	C:\WINDOWS\SYSTEM32\AUDIOSES.DLL
0x00007ffffbee0000 - 0x00007ffffbef4000 	C:\WINDOWS\SYSTEM32\resourcepolicyclient.dll
0x00007ffff8db0000 - 0x00007ffff8dda000 	C:\Program Files\jmonkeyplatform\jdk\jre\bin\jpeg.dll
0x00007ffff7610000 - 0x00007ffff77de000 	C:\WINDOWS\system32\d3d9.dll
0x00007fffeb4d0000 - 0x00007fffeb5d2000 	C:\WINDOWS\System32\DriverStore\FileRepository\nvmd.inf_amd64_24c42a580c125b30\nvldumdx.dll
0x00007ffff7cc0000 - 0x00007ffff7cf1000 	C:\WINDOWS\SYSTEM32\cryptnet.dll
0x00007ffffe070000 - 0x00007ffffe07c000 	C:\WINDOWS\SYSTEM32\cryptbase.dll
0x00007ff800010000 - 0x00007ff80002d000 	C:\WINDOWS\System32\imagehlp.dll
0x00007ffffe080000 - 0x00007ffffe098000 	C:\WINDOWS\System32\CRYPTSP.dll
0x00007ffffd830000 - 0x00007ffffd864000 	C:\WINDOWS\system32\rsaenh.dll
0x00007fffa4d20000 - 0x00007fffa64c3000 	C:\WINDOWS\System32\DriverStore\FileRepository\nvmd.inf_amd64_24c42a580c125b30\nvd3dumx.dll
0x00007ffffd080000 - 0x00007ffffd0a3000 	C:\WINDOWS\SYSTEM32\gpapi.dll
0x00007fffe6550000 - 0x00007fffe65e3000 	C:\Program Files\jmonkeyplatform\jdk\jre\bin\freetype.dll
0x00007fffce5c0000 - 0x00007fffce67c000 	C:\Program Files\jmonkeyplatform\jdk\jre\bin\fontmanager.dll
0x00007fffeb9b0000 - 0x00007fffeb9ca000 	C:\Program Files\jmonkeyplatform\jdk\jre\bin\net.dll
0x00007ffff1d20000 - 0x00007ffff1f0d000 	C:\WINDOWS\SYSTEM32\urlmon.dll
0x00007ffff1a70000 - 0x00007ffff1d20000 	C:\WINDOWS\SYSTEM32\iertutil.dll
0x00007ffffdea0000 - 0x00007ffffdf0a000 	C:\WINDOWS\system32\mswsock.dll
0x00007fffe77c0000 - 0x00007fffe77d2000 	C:\Program Files\jmonkeyplatform\jdk\jre\bin\nio.dll
0x00007ffffcd00000 - 0x00007ffffcee4000 	C:\WINDOWS\SYSTEM32\dbghelp.dll

VM Arguments:
jvm_args: -Dfile.encoding=UTF-8 
java_command: mygame.Main
java_class_path (initial): C:\Program Files\jmonkeyplatform\jmonkeyplatform\libs\jme3-jogg-3.2.4-stable.jar;C:\Program Files\jmonkeyplatform\jmonkeyplatform\libs\j-ogg-all-1.0.0.jar;C:\Program Files\jmonkeyplatform\jmonkeyplatform\libs\jme3-networking-3.2.4-stable.jar;C:\Program Files\jmonkeyplatform\jmonkeyplatform\libs\jme3-plugins-3.2.4-stable.jar;C:\Program Files\jmonkeyplatform\jmonkeyplatform\libs\gson-2.8.1.jar;C:\Program Files\jmonkeyplatform\jmonkeyplatform\libs\jme3-core-3.2.4-stable.jar;C:\Program Files\jmonkeyplatform\jmonkeyplatform\libs\jme3-desktop-3.2.4-stable.jar;C:\Program Files\jmonkeyplatform\jmonkeyplatform\libs\jme3-lwjgl-3.2.4-stable.jar;C:\Program Files\jmonkeyplatform\jmonkeyplatform\libs\lwjgl-2.9.3.jar;C:\Program Files\jmonkeyplatform\jmonkeyplatform\libs\jinput-2.0.5.jar;C:\Program Files\jmonkeyplatform\jmonkeyplatform\libs\jinput-platform-2.0.5-natives-linux.jar;C:\Program Files\jmonkeyplatform\jmonkeyplatform\libs\jinput-platform-2.0.5-natives-windows.jar;C:\Program Files\jmonkeyplatform\jmonkeyplatform\libs\jinput-platform-2.0.5-natives-osx.jar;C:\Program Files\jmonkeyplatform\jmonkeyplatform\libs\jutils-1.0.0.jar;C:\Program Files\jmonkeyplatform\jmonkeyplatform\libs\lwjgl-platform-2.9.3-natives-windows.jar;C:\Program Files\jmonkeyplatform\jmonkeyplatform\libs\lwjgl-platform-2.9.3-natives-linux.jar;C:\Program Files\jmonkeyplatform\jmonkeyplatform\libs\lwjgl-platform-2.9.3-natives-osx.jar;C:\Program Files\jmonkeyplatform\jmonkeyplatform\libs\jme3-effects-3.2.4-stable.jar;C:\Program Files\jmonkeyplatform\jmonkeyplatform\libs\jme3-terrain-3.2.4-stable.jar;C:\Program Files\jmonkeyplatform\jmonkeyplatform\libs\jme3-bullet-3.2.4-stable.jar;C:\Program Files\jmonkeyplatform\jmonkeyplatform\libs\jme3-bullet-native-3.2.4-stable.jar;C:\Program Files\jmonkeyplatform\jmonkeyplatform\libs\jme3-testdata.jar;C:\Users\d7d7a\Documents\VirtualCodeDay\build\classes;C:\Users\d7d7a\Documents\VirtualCodeDay\assets
Launcher Type: SUN_STANDARD

Environment Variables:
CLASSPATH=.;C:\Program Files (x86)\QuickTime\QTSystem\QTJava.zip
PATH=C:\Program Files\Oculus\Support\oculus-runtime;C:\Program Files (x86)\Common Files\Oracle\Java\javapath;C:\Program Files (x86)\Intel\Intel(R) Management Engine Components\iCLS\;C:\Program Files\Intel\Intel(R) Management Engine Components\iCLS\;C:\WINDOWS\system32;C:\WINDOWS;C:\WINDOWS\System32\Wbem;C:\WINDOWS\System32\WindowsPowerShell\v1.0\;C:\Program Files (x86)\Intel\Intel(R) Management Engine Components\DAL;C:\Program Files\Intel\Intel(R) Management Engine Components\DAL;C:\Program Files (x86)\Intel\Intel(R) Management Engine Components\IPT;C:\Program Files\Intel\Intel(R) Management Engine Components\IPT;C:\WINDOWS\System32\OpenSSH\;C:\Program Files (x86)\QuickTime\QTSystem\;C:\ProgramData\chocolatey\bin;C:\Program Files (x86)\Windows Live\Shared;C:\Gradle\gradle-5.6.4\bin;C:\Program Files (x86)\NVIDIA Corporation\PhysX\Common;C:\Program Files\NVIDIA Corporation\NVIDIA NvDLISR;C:\WINDOWS\system32;C:\WINDOWS;C:\WINDOWS\System32\Wbem;C:\WINDOWS\System32\WindowsPowerShell\v1.0\;C:\WINDOWS\System32\OpenSSH\;C:\Users\d7d7a\AppData\Local\Programs\Python\Python38-32\Scripts\;C:\Users\d7d7a\AppData\Local\Programs\Python\Python38-32\;C:\Users\d7d7a\AppData\Local\Microsoft\WindowsApps;C:\Users\d7d7a\AppData\Local\GitHubDesktop\bin;C:\Users\d7d7a\AppData\Local\Microsoft\WindowsApps;
USERNAME=d7d7a
OS=Windows_NT
PROCESSOR_IDENTIFIER=Intel64 Family 6 Model 158 Stepping 10, GenuineIntel



---------------  S Y S T E M  ---------------

OS: Windows 10.0 , 64 bit Build 19041 (10.0.19041.546)

CPU:total 6 (initial active 6) (6 cores per cpu, 1 threads per core) family 6 model 158 stepping 10, cmov, cx8, fxsr, mmx, sse, sse2, sse3, ssse3, sse4.1, sse4.2, popcnt, avx, avx2, aes, clmul, erms, 3dnowpref, lzcnt, tsc, tscinvbit, bmi1, bmi2, adx

Memory: 4k page, physical 16721368k(6785352k free), swap 24323544k(5199252k free)

vm_info: OpenJDK 64-Bit Server VM (25.212-b04) for windows-amd64 JRE (1.8.0_212-b04), built on Jun  3 2019 21:11:11 by "jenkins" with MS VC++ 12.0 (VS2013)

time: Thu Dec 03 21:07:27 2020
timezone: Central Standard Time
elapsed time: 2 seconds (0d 0h 0m 2s)

